<?xml version="1.0" encoding="UTF-8"?>
<testsuite name="CinemaTests" tests="1" skipped="0" failures="0" errors="0" timestamp="2024-07-17T15:01:28" hostname="YoTis-MacBook.local" time="12.301">
  <properties/>
  <testcase name="start" classname="CinemaTests" time="12.301"/>
  <system-out><![CDATA[?[1;31m
Start test 1?[0m
?[0;34m
?[0m?[0;34m  .   ____          _            __ _ _
?[0m?[0;34m /\\ / ___'_ __ _ _(_)_ __  __ _ \ \ \ \
?[0m?[0;34m( ( )\___ | '_ | '_| | '_ \/ _` | \ \ \ \
?[0m?[0;34m \\/  ___)| |_)| | | | | || (_| |  ) ) ) )
?[0m?[0;34m  '  |____| .__|_| |_|_| |_\__, | / / / /
?[0m?[0;34m =========|_|==============|___/=/_/_/_/
?[0m?[0;34m :: Spring Boot ::                (v3.0.2)
?[0m?[0;34m
?[0m?[0;34m2024-07-17T16:01:32.446+01:00  INFO 340 --- [    Test worker] cinema.Main                              : Starting Main using Java 17.0.10 with PID 340 (started by info in /Users/info/Desktop/Hyperskill-s_Projects/Introduction_to_Spring_Boot_with_Java/Cinema Room REST Service with Java/Cinema Room REST Service with Java/task)
?[0m?[0;34m2024-07-17T16:01:32.462+01:00  INFO 340 --- [    Test worker] cinema.Main                              : No active profile set, falling back to 1 default profile: "default"
?[0m?[0;34m2024-07-17T16:01:36.039+01:00  INFO 340 --- [    Test worker] o.s.b.w.embedded.tomcat.TomcatWebServer  : Tomcat initialized with port(s): 28852 (http)
?[0m?[0;34m2024-07-17T16:01:36.069+01:00  INFO 340 --- [    Test worker] o.apache.catalina.core.StandardService   : Starting service [Tomcat]
?[0m?[0;34m2024-07-17T16:01:36.070+01:00  INFO 340 --- [    Test worker] o.apache.catalina.core.StandardEngine    : Starting Servlet engine: [Apache Tomcat/10.1.5]
?[0m?[0;34m2024-07-17T16:01:36.592+01:00  INFO 340 --- [    Test worker] o.a.c.c.C.[Tomcat].[localhost].[/]       : Initializing Spring embedded WebApplicationContext
?[0m?[0;34m2024-07-17T16:01:36.622+01:00  INFO 340 --- [    Test worker] w.s.c.ServletWebServerApplicationContext : Root WebApplicationContext: initialization completed in 3994 ms
?[0m?[0;34m2024-07-17T16:01:39.519+01:00  INFO 340 --- [    Test worker] o.s.b.a.e.web.EndpointLinksResolver      : Exposing 14 endpoint(s) beneath base path '/actuator'
?[0m?[0;34m2024-07-17T16:01:39.625+01:00  INFO 340 --- [    Test worker] o.s.b.w.embedded.tomcat.TomcatWebServer  : Tomcat started on port(s): 28852 (http) with context path ''
?[0m?[0;34m2024-07-17T16:01:39.650+01:00  INFO 340 --- [    Test worker] cinema.Main                              : Started Main in 9.178 seconds (process running for 13.936)
?[0;34m2024-07-17T16:01:40.207+01:00  INFO 340 --- [io-28852-exec-1] o.a.c.c.C.[Tomcat].[localhost].[/]       : Initializing Spring DispatcherServlet 'dispatcherServlet'
?[0m?[0;34m2024-07-17T16:01:40.208+01:00  INFO 340 --- [io-28852-exec-1] o.s.web.servlet.DispatcherServlet        : Initializing Servlet 'dispatcherServlet'
?[0m?[0;34m2024-07-17T16:01:40.212+01:00  INFO 340 --- [io-28852-exec-1] o.s.web.servlet.DispatcherServlet        : Completed initialization in 3 ms
?[0m?[1;31m
Start test 2?[0m
?[1;31m
Start test 3?[0m
?[1;31m
Start test 4?[0m
?[1;31m
Start test 5?[0m
?[1;31m
Start test 6?[0m
?[1;31m
Start test 7?[0m
?[1;31m
Start test 8?[0m
?[1;31m
Start test 9?[0m
?[1;31m
Start test 10?[0m
?[1;31m
Start test 11?[0m
?[1;31m
Start test 12?[0m
?[1;31m
Start test 13?[0m
?[1;31m
Start test 14?[0m
]]></system-out>
  <system-err><![CDATA[]]></system-err>
</testsuite>
